Abaqus/Explicit Learning Edition 2024            DATE 11-May-2025  TIME 04:20:01
-------------------------------------------------------------------------------
 PREPROCESSOR WARNING MESSAGES
-------------------------------------------------------------------------------


***WARNING: There are 4 warning messages in the data (.dat) file.  Please
            check the data file for possible errors in the input file.


-------------------------------------------------------------------------------
 NUMERICAL PRECISION USED FOR THIS Abaqus/Explicit ANALYSIS
-------------------------------------------------------------------------------

Single precision package and double precision explicit executables will be
used in this analysis.

-------------------------------------------------------------------------------
-------------------------------------------------------------------------------
 MODEL INFORMATION (IN GLOBAL X-Y COORDINATES)
-------------------------------------------------------------------------------

   Total mass in model = 9.76175E-06
   Total capacitance in model = 6.65824E-09
   Center of mass of model = ( 3.294581E-03, 4.975986E+01, 2.691154E-05)

    Moments of Inertia :
                 About Center of Mass              About Origin
      I(XX)          4.258640E-02                  6.675693E-02
      I(YY)          6.876694E-02                  6.876694E-02
      I(ZZ)          4.269997E-02                  6.687050E-02
      I(XY)          1.986714E-07                 -1.401650E-06
      I(YZ)          2.161083E-07                  2.030362E-07
      I(ZX)         -6.228620E-05                 -6.228620E-05

-------------------------------------------------------------------------------
 STABLE TIME INCREMENT INFORMATION
-------------------------------------------------------------------------------


  The stable time increment estimate for each element is based on
  linearization about the initial state.


   Initial time increment = 2.84866E-14

   Statistics for all elements:
      Mean = 2.53093E-13
      Standard deviation = 1.66524E-13

   Most critical elements:
    Element number   Rank    Time increment   Increment ratio
    (Instance name)
   ----------------------------------------------------------
         140          1       2.848656E-14      1.000000E+00
    CU
         130          2       2.881290E-14      9.886739E-01
    CU
         129          3       2.905697E-14      9.803690E-01
    CU
         131          4       2.920950E-14      9.752499E-01
    CU
         132          5       3.471767E-14      8.205204E-01
    CU
         126          6       3.527827E-14      8.074818E-01
    CU
         134          7       3.753096E-14      7.590150E-01
    CU
         115          8       3.756672E-14      7.582924E-01
    CU
         116          9       3.767247E-14      7.561638E-01
    CU
         128         10       3.784794E-14      7.526580E-01
    CU


  Instance name for the most critical element will be printed if the critical
  element changes or at the beginning of a new page.



Abaqus/Explicit Learning Edition 2024            DATE 11-May-2025  TIME 04:20:02

-------------------------------------------------------------------------------
 SOLUTION PROGRESS
-------------------------------------------------------------------------------

 STEP 1  ORIGIN 0.0000

  Total memory used for step 1 is approximately 12.1 megabytes.
  Direct time incrementation control will be used.

***WARNING: The direct user control is used in the current analysis step. In
            this case, Abaqus/Explicit will not check that the computed
            response is stable during the step. Please check carefully the
            energy history and other response variables to ensure that a valid
            and stable response has been obtained.

              STEP     TOTAL      WALL        STABLE    CRITICAL    KINETIC      TOTAL
INCREMENT     TIME      TIME      TIME     INCREMENT     ELEMENT     ENERGY     ENERGY
        0  0.000E+00 0.000E+00  00:00:00 1.00000E-04         140  0.000E+00  0.000E+00
INSTANCE WITH CRITICAL ELEMENT: CU
Output Field Frame Number     0, of     20, at step time 0.000E+00

***WARNING: THE ANALYSIS NEEDS AN EXTREMELY LARGE NUMBER OF INCREMENTS (MORE
            THAN 2,000,000). CHECK THE PROPERTIES OF THE MOST CRITICAL
            ELEMENTS AND THE DATA FILE FOR WARNING MESSAGES.

   106020  1.060E+01 1.060E+01  00:02:05 1.00000E-04         140  0.000E+00  0.000E+00
INSTANCE WITH CRITICAL ELEMENT: CU
